Build started 2013-04-19 18:12:11.
     1>Project "C:\Users\Konrad\Desktop\Code\GameEngine\GameEngine\GameEngine.vcxproj" on node 2 (build target(s)).
     1>InitializeBuildStatus:
         Creating "Debug\GameEngine.unsuccessfulbuild" because "AlwaysCreate" was specified.
       ClCompile:
         C:\Program Files (x86)\Microsoft Visual Studio 10.0\VC\bin\CL.exe /c /ZI /nologo /W3 /WX- /Od /Oy- /D _MBCS /Gm /EHsc /RTC1 /MDd /GS /fp:precise /Zc:wchar_t /Zc:forScope /Fo"Debug\\" /Fd"Debug\vc100.pdb" /Gd /TP /analyze- /errorReport:prompt Sources\Level.cpp
         Level.cpp
     1>c:\users\konrad\desktop\code\gameengine\gameengine\sources\level.cpp(31): warning C4244: 'argument' : conversion from 'double' to 'float', possible loss of data
     1>c:\users\konrad\desktop\code\gameengine\gameengine\sources\level.cpp(31): warning C4244: 'argument' : conversion from 'double' to 'float', possible loss of data
     1>c:\users\konrad\desktop\code\gameengine\gameengine\sources\level.cpp(31): warning C4244: 'argument' : conversion from 'double' to 'float', possible loss of data
     1>c:\users\konrad\desktop\code\gameengine\gameengine\sources\level.cpp(36): warning C4244: 'argument' : conversion from 'double' to 'float', possible loss of data
     1>c:\users\konrad\desktop\code\gameengine\gameengine\sources\level.cpp(36): warning C4244: 'argument' : conversion from 'double' to 'float', possible loss of data
     1>c:\users\konrad\desktop\code\gameengine\gameengine\sources\level.cpp(36): warning C4244: 'argument' : conversion from 'double' to 'float', possible loss of data
     1>c:\users\konrad\desktop\code\gameengine\gameengine\sources\level.cpp(41): warning C4244: 'argument' : conversion from 'double' to 'float', possible loss of data
     1>c:\users\konrad\desktop\code\gameengine\gameengine\sources\level.cpp(41): warning C4244: 'argument' : conversion from 'double' to 'float', possible loss of data
     1>c:\users\konrad\desktop\code\gameengine\gameengine\sources\level.cpp(41): warning C4244: 'argument' : conversion from 'double' to 'float', possible loss of data
     1>c:\users\konrad\desktop\code\gameengine\gameengine\sources\level.cpp(46): warning C4244: '=' : conversion from 'double' to 'int', possible loss of data
     1>c:\users\konrad\desktop\code\gameengine\gameengine\sources\level.cpp(47): warning C4244: '=' : conversion from 'double' to 'int', possible loss of data
     1>c:\users\konrad\desktop\code\gameengine\gameengine\sources\level.cpp(48): warning C4244: '=' : conversion from 'double' to 'int', possible loss of data
     1>c:\users\konrad\desktop\code\gameengine\gameengine\sources\level.cpp(58): warning C4244: 'argument' : conversion from 'double' to 'float', possible loss of data
     1>c:\users\konrad\desktop\code\gameengine\gameengine\sources\level.cpp(58): warning C4244: 'argument' : conversion from 'double' to 'float', possible loss of data
     1>c:\users\konrad\desktop\code\gameengine\gameengine\sources\level.cpp(58): warning C4244: 'argument' : conversion from 'double' to 'float', possible loss of data
     1>c:\users\konrad\desktop\code\gameengine\gameengine\sources\level.cpp(63): warning C4244: '=' : conversion from 'double' to 'int', possible loss of data
     1>c:\users\konrad\desktop\code\gameengine\gameengine\sources\level.cpp(77): warning C4244: 'initializing' : conversion from 'double' to 'int', possible loss of data
     1>c:\users\konrad\desktop\code\gameengine\gameengine\sources\level.cpp(90): warning C4244: 'initializing' : conversion from 'double' to 'int', possible loss of data
     1>c:\users\konrad\desktop\code\gameengine\gameengine\sources\level.cpp(104): warning C4244: 'initializing' : conversion from 'double' to 'int', possible loss of data
     1>c:\users\konrad\desktop\code\gameengine\gameengine\sources\level.cpp(109): warning C4244: 'argument' : conversion from 'double' to 'int', possible loss of data
     1>c:\users\konrad\desktop\code\gameengine\gameengine\sources\level.cpp(120): warning C4018: '<' : signed/unsigned mismatch
     1>c:\users\konrad\desktop\code\gameengine\gameengine\sources\level.cpp(126): warning C4018: '<' : signed/unsigned mismatch
     1>c:\users\konrad\desktop\code\gameengine\gameengine\sources\level.cpp(131): warning C4244: 'argument' : conversion from 'double' to 'float', possible loss of data
     1>c:\users\konrad\desktop\code\gameengine\gameengine\sources\level.cpp(131): warning C4244: 'argument' : conversion from 'double' to 'float', possible loss of data
     1>c:\users\konrad\desktop\code\gameengine\gameengine\sources\level.cpp(131): warning C4244: 'argument' : conversion from 'double' to 'float', possible loss of data
     1>c:\users\konrad\desktop\code\gameengine\gameengine\sources\level.cpp(132): warning C4244: 'argument' : conversion from 'double' to 'float', possible loss of data
     1>c:\users\konrad\desktop\code\gameengine\gameengine\sources\level.cpp(132): warning C4244: 'argument' : conversion from 'double' to 'float', possible loss of data
     1>c:\users\konrad\desktop\code\gameengine\gameengine\sources\level.cpp(132): warning C4244: 'argument' : conversion from 'double' to 'float', possible loss of data
     1>c:\users\konrad\desktop\code\gameengine\gameengine\sources\level.cpp(135): warning C4244: 'argument' : conversion from 'double' to 'float', possible loss of data
     1>c:\users\konrad\desktop\code\gameengine\gameengine\sources\level.cpp(135): warning C4244: 'argument' : conversion from 'double' to 'float', possible loss of data
     1>c:\users\konrad\desktop\code\gameengine\gameengine\sources\level.cpp(135): warning C4244: 'argument' : conversion from 'double' to 'float', possible loss of data
     1>c:\users\konrad\desktop\code\gameengine\gameengine\sources\level.cpp(135): warning C4800: 'double' : forcing value to bool 'true' or 'false' (performance warning)
     1>c:\users\konrad\desktop\code\gameengine\gameengine\sources\level.cpp(135): warning C4244: 'argument' : conversion from 'double' to 'int', possible loss of data
     1>c:\users\konrad\desktop\code\gameengine\gameengine\sources\level.cpp(135): warning C4244: 'argument' : conversion from 'double' to 'int', possible loss of data
     1>c:\users\konrad\desktop\code\gameengine\gameengine\sources\level.cpp(135): warning C4244: 'argument' : conversion from 'double' to 'int', possible loss of data
     1>c:\users\konrad\desktop\code\gameengine\gameengine\sources\level.cpp(135): warning C4244: 'argument' : conversion from 'double' to 'int', possible loss of data
     1>c:\users\konrad\desktop\code\gameengine\gameengine\sources\level.cpp(135): warning C4244: 'argument' : conversion from 'double' to 'int', possible loss of data
     1>c:\users\konrad\desktop\code\gameengine\gameengine\sources\level.cpp(135): warning C4244: 'argument' : conversion from 'double' to 'int', possible loss of data
     1>c:\users\konrad\desktop\code\gameengine\gameengine\sources\level.cpp(135): warning C4244: 'argument' : conversion from 'double' to 'int', possible loss of data
     1>c:\users\konrad\desktop\code\gameengine\gameengine\sources\level.cpp(135): warning C4244: 'argument' : conversion from 'double' to 'int', possible loss of data
     1>c:\users\konrad\desktop\code\gameengine\gameengine\sources\level.cpp(144): warning C4244: 'argument' : conversion from 'double' to 'int', possible loss of data
     1>c:\users\konrad\desktop\code\gameengine\gameengine\sources\level.cpp(144): warning C4244: 'argument' : conversion from 'double' to 'int', possible loss of data
     1>c:\users\konrad\desktop\code\gameengine\gameengine\sources\level.cpp(144): warning C4244: 'argument' : conversion from 'double' to 'int', possible loss of data
     1>c:\users\konrad\desktop\code\gameengine\gameengine\sources\level.cpp(144): warning C4244: 'argument' : conversion from 'double' to 'int', possible loss of data
     1>c:\users\konrad\desktop\code\gameengine\gameengine\sources\level.cpp(144): warning C4244: 'argument' : conversion from 'double' to 'int', possible loss of data
     1>c:\users\konrad\desktop\code\gameengine\gameengine\sources\level.cpp(144): warning C4800: 'double' : forcing value to bool 'true' or 'false' (performance warning)
     1>c:\users\konrad\desktop\code\gameengine\gameengine\sources\level.cpp(144): warning C4800: 'double' : forcing value to bool 'true' or 'false' (performance warning)
     1>c:\users\konrad\desktop\code\gameengine\gameengine\sources\level.cpp(151): warning C4244: 'initializing' : conversion from 'double' to 'int', possible loss of data
     1>c:\users\konrad\desktop\code\gameengine\gameengine\sources\level.cpp(159): warning C4018: '<' : signed/unsigned mismatch
     1>c:\users\konrad\desktop\code\gameengine\gameengine\sources\level.cpp(165): warning C4018: '<' : signed/unsigned mismatch
     1>c:\users\konrad\desktop\code\gameengine\gameengine\sources\level.cpp(171): warning C4244: 'argument' : conversion from 'double' to 'float', possible loss of data
     1>c:\users\konrad\desktop\code\gameengine\gameengine\sources\level.cpp(171): warning C4244: 'argument' : conversion from 'double' to 'float', possible loss of data
     1>c:\users\konrad\desktop\code\gameengine\gameengine\sources\level.cpp(171): warning C4244: 'argument' : conversion from 'double' to 'float', possible loss of data
     1>c:\users\konrad\desktop\code\gameengine\gameengine\sources\level.cpp(172): warning C4244: 'argument' : conversion from 'double' to 'float', possible loss of data
     1>c:\users\konrad\desktop\code\gameengine\gameengine\sources\level.cpp(172): warning C4244: 'argument' : conversion from 'double' to 'float', possible loss of data
     1>c:\users\konrad\desktop\code\gameengine\gameengine\sources\level.cpp(172): warning C4244: 'argument' : conversion from 'double' to 'float', possible loss of data
     1>c:\users\konrad\desktop\code\gameengine\gameengine\sources\level.cpp(175): warning C4244: 'argument' : conversion from 'double' to 'float', possible loss of data
     1>c:\users\konrad\desktop\code\gameengine\gameengine\sources\level.cpp(175): warning C4244: 'argument' : conversion from 'double' to 'float', possible loss of data
     1>c:\users\konrad\desktop\code\gameengine\gameengine\sources\level.cpp(175): warning C4244: 'argument' : conversion from 'double' to 'float', possible loss of data
     1>c:\users\konrad\desktop\code\gameengine\gameengine\sources\level.cpp(176): warning C4800: 'double' : forcing value to bool 'true' or 'false' (performance warning)
     1>c:\users\konrad\desktop\code\gameengine\gameengine\sources\level.cpp(176): warning C4800: 'double' : forcing value to bool 'true' or 'false' (performance warning)
     1>c:\users\konrad\desktop\code\gameengine\gameengine\sources\level.cpp(176): warning C4244: 'argument' : conversion from 'double' to 'int', possible loss of data
     1>c:\users\konrad\desktop\code\gameengine\gameengine\sources\level.cpp(176): warning C4800: 'double' : forcing value to bool 'true' or 'false' (performance warning)
     1>c:\users\konrad\desktop\code\gameengine\gameengine\sources\level.cpp(176): warning C4244: 'argument' : conversion from 'double' to 'int', possible loss of data
     1>c:\users\konrad\desktop\code\gameengine\gameengine\sources\level.cpp(176): warning C4244: 'argument' : conversion from 'double' to 'int', possible loss of data
     1>c:\users\konrad\desktop\code\gameengine\gameengine\sources\level.cpp(176): warning C4244: 'argument' : conversion from 'double' to 'int', possible loss of data
     1>c:\users\konrad\desktop\code\gameengine\gameengine\sources\level.cpp(176): warning C4244: 'argument' : conversion from 'double' to 'int', possible loss of data
     1>c:\users\konrad\desktop\code\gameengine\gameengine\sources\level.cpp(176): warning C4244: 'argument' : conversion from 'double' to 'int', possible loss of data
     1>c:\users\konrad\desktop\code\gameengine\gameengine\sources\level.cpp(186): warning C4244: 'argument' : conversion from 'double' to 'int', possible loss of data
     1>c:\users\konrad\desktop\code\gameengine\gameengine\sources\level.cpp(186): warning C4244: 'argument' : conversion from 'double' to 'int', possible loss of data
     1>c:\users\konrad\desktop\code\gameengine\gameengine\sources\level.cpp(186): warning C4244: 'argument' : conversion from 'double' to 'int', possible loss of data
     1>c:\users\konrad\desktop\code\gameengine\gameengine\sources\level.cpp(186): warning C4244: 'argument' : conversion from 'double' to 'int', possible loss of data
     1>c:\users\konrad\desktop\code\gameengine\gameengine\sources\level.cpp(186): warning C4244: 'argument' : conversion from 'double' to 'int', possible loss of data
     1>c:\users\konrad\desktop\code\gameengine\gameengine\sources\level.cpp(186): warning C4800: 'double' : forcing value to bool 'true' or 'false' (performance warning)
     1>c:\users\konrad\desktop\code\gameengine\gameengine\sources\level.cpp(186): warning C4800: 'double' : forcing value to bool 'true' or 'false' (performance warning)
     1>c:\users\konrad\desktop\code\gameengine\gameengine\sources\level.cpp(194): warning C4244: 'initializing' : conversion from 'double' to 'int', possible loss of data
     1>c:\users\konrad\desktop\code\gameengine\gameengine\sources\level.cpp(204): warning C4018: '<' : signed/unsigned mismatch
     1>c:\users\konrad\desktop\code\gameengine\gameengine\sources\level.cpp(210): warning C4018: '<' : signed/unsigned mismatch
     1>c:\users\konrad\desktop\code\gameengine\gameengine\sources\level.cpp(219): warning C4244: 'argument' : conversion from 'double' to 'float', possible loss of data
     1>c:\users\konrad\desktop\code\gameengine\gameengine\sources\level.cpp(219): warning C4244: 'argument' : conversion from 'double' to 'float', possible loss of data
     1>c:\users\konrad\desktop\code\gameengine\gameengine\sources\level.cpp(219): warning C4244: 'argument' : conversion from 'double' to 'float', possible loss of data
     1>c:\users\konrad\desktop\code\gameengine\gameengine\sources\level.cpp(220): warning C4244: 'argument' : conversion from 'double' to 'float', possible loss of data
     1>c:\users\konrad\desktop\code\gameengine\gameengine\sources\level.cpp(220): warning C4244: 'argument' : conversion from 'double' to 'float', possible loss of data
     1>c:\users\konrad\desktop\code\gameengine\gameengine\sources\level.cpp(220): warning C4244: 'argument' : conversion from 'double' to 'float', possible loss of data
     1>c:\users\konrad\desktop\code\gameengine\gameengine\sources\level.cpp(223): warning C4244: 'argument' : conversion from 'double' to 'float', possible loss of data
     1>c:\users\konrad\desktop\code\gameengine\gameengine\sources\level.cpp(223): warning C4244: 'argument' : conversion from 'double' to 'float', possible loss of data
     1>c:\users\konrad\desktop\code\gameengine\gameengine\sources\level.cpp(223): warning C4244: 'argument' : conversion from 'double' to 'float', possible loss of data
     1>c:\users\konrad\desktop\code\gameengine\gameengine\sources\level.cpp(224): warning C4800: 'double' : forcing value to bool 'true' or 'false' (performance warning)
     1>c:\users\konrad\desktop\code\gameengine\gameengine\sources\level.cpp(224): warning C4800: 'double' : forcing value to bool 'true' or 'false' (performance warning)
     1>c:\users\konrad\desktop\code\gameengine\gameengine\sources\level.cpp(224): warning C4244: 'argument' : conversion from 'double' to 'int', possible loss of data
     1>c:\users\konrad\desktop\code\gameengine\gameengine\sources\level.cpp(224): warning C4800: 'double' : forcing value to bool 'true' or 'false' (performance warning)
     1>c:\users\konrad\desktop\code\gameengine\gameengine\sources\level.cpp(224): warning C4244: 'argument' : conversion from 'double' to 'int', possible loss of data
     1>c:\users\konrad\desktop\code\gameengine\gameengine\sources\level.cpp(224): warning C4244: 'argument' : conversion from 'double' to 'int', possible loss of data
     1>c:\users\konrad\desktop\code\gameengine\gameengine\sources\level.cpp(224): warning C4244: 'argument' : conversion from 'double' to 'int', possible loss of data
     1>c:\users\konrad\desktop\code\gameengine\gameengine\sources\level.cpp(224): warning C4244: 'argument' : conversion from 'double' to 'int', possible loss of data
     1>c:\users\konrad\desktop\code\gameengine\gameengine\sources\level.cpp(224): warning C4244: 'argument' : conversion from 'double' to 'int', possible loss of data
     1>c:\users\konrad\desktop\code\gameengine\gameengine\sources\level.cpp(224): warning C4244: 'argument' : conversion from 'double' to 'int', possible loss of data
     1>c:\users\konrad\desktop\code\gameengine\gameengine\sources\level.cpp(224): warning C4244: 'argument' : conversion from 'double' to 'int', possible loss of data
     1>c:\users\konrad\desktop\code\gameengine\gameengine\sources\level.cpp(234): warning C4244: 'argument' : conversion from 'double' to 'int', possible loss of data
     1>c:\users\konrad\desktop\code\gameengine\gameengine\sources\level.cpp(234): warning C4244: 'argument' : conversion from 'double' to 'int', possible loss of data
     1>c:\users\konrad\desktop\code\gameengine\gameengine\sources\level.cpp(234): warning C4244: 'argument' : conversion from 'double' to 'int', possible loss of data
     1>c:\users\konrad\desktop\code\gameengine\gameengine\sources\level.cpp(234): warning C4244: 'argument' : conversion from 'double' to 'int', possible loss of data
     1>c:\users\konrad\desktop\code\gameengine\gameengine\sources\level.cpp(234): warning C4244: 'argument' : conversion from 'double' to 'int', possible loss of data
     1>c:\users\konrad\desktop\code\gameengine\gameengine\sources\level.cpp(234): warning C4800: 'double' : forcing value to bool 'true' or 'false' (performance warning)
     1>c:\users\konrad\desktop\code\gameengine\gameengine\sources\level.cpp(234): warning C4800: 'double' : forcing value to bool 'true' or 'false' (performance warning)
     1>c:\users\konrad\desktop\code\gameengine\gameengine\sources\level.cpp(242): warning C4244: 'initializing' : conversion from 'double' to 'int', possible loss of data
     1>c:\users\konrad\desktop\code\gameengine\gameengine\sources\level.cpp(250): warning C4018: '<' : signed/unsigned mismatch
     1>c:\users\konrad\desktop\code\gameengine\gameengine\sources\level.cpp(256): warning C4018: '<' : signed/unsigned mismatch
     1>c:\users\konrad\desktop\code\gameengine\gameengine\sources\level.cpp(262): warning C4244: 'argument' : conversion from 'double' to 'float', possible loss of data
     1>c:\users\konrad\desktop\code\gameengine\gameengine\sources\level.cpp(262): warning C4244: 'argument' : conversion from 'double' to 'float', possible loss of data
     1>c:\users\konrad\desktop\code\gameengine\gameengine\sources\level.cpp(262): warning C4244: 'argument' : conversion from 'double' to 'float', possible loss of data
     1>c:\users\konrad\desktop\code\gameengine\gameengine\sources\level.cpp(263): warning C4244: 'argument' : conversion from 'double' to 'float', possible loss of data
     1>c:\users\konrad\desktop\code\gameengine\gameengine\sources\level.cpp(263): warning C4244: 'argument' : conversion from 'double' to 'float', possible loss of data
     1>c:\users\konrad\desktop\code\gameengine\gameengine\sources\level.cpp(263): warning C4244: 'argument' : conversion from 'double' to 'float', possible loss of data
     1>c:\users\konrad\desktop\code\gameengine\gameengine\sources\level.cpp(266): warning C4244: 'argument' : conversion from 'double' to 'float', possible loss of data
     1>c:\users\konrad\desktop\code\gameengine\gameengine\sources\level.cpp(266): warning C4244: 'argument' : conversion from 'double' to 'float', possible loss of data
     1>c:\users\konrad\desktop\code\gameengine\gameengine\sources\level.cpp(266): warning C4244: 'argument' : conversion from 'double' to 'float', possible loss of data
     1>c:\users\konrad\desktop\code\gameengine\gameengine\sources\level.cpp(267): warning C4800: 'double' : forcing value to bool 'true' or 'false' (performance warning)
     1>c:\users\konrad\desktop\code\gameengine\gameengine\sources\level.cpp(267): warning C4800: 'double' : forcing value to bool 'true' or 'false' (performance warning)
     1>c:\users\konrad\desktop\code\gameengine\gameengine\sources\level.cpp(267): warning C4244: 'argument' : conversion from 'double' to 'int', possible loss of data
     1>c:\users\konrad\desktop\code\gameengine\gameengine\sources\level.cpp(267): warning C4800: 'double' : forcing value to bool 'true' or 'false' (performance warning)
     1>c:\users\konrad\desktop\code\gameengine\gameengine\sources\level.cpp(267): warning C4244: 'argument' : conversion from 'double' to 'int', possible loss of data
     1>c:\users\konrad\desktop\code\gameengine\gameengine\sources\level.cpp(267): warning C4244: 'argument' : conversion from 'double' to 'int', possible loss of data
     1>c:\users\konrad\desktop\code\gameengine\gameengine\sources\level.cpp(267): warning C4244: 'argument' : conversion from 'double' to 'int', possible loss of data
     1>c:\users\konrad\desktop\code\gameengine\gameengine\sources\level.cpp(267): warning C4244: 'argument' : conversion from 'double' to 'int', possible loss of data
     1>c:\users\konrad\desktop\code\gameengine\gameengine\sources\level.cpp(267): warning C4244: 'argument' : conversion from 'double' to 'int', possible loss of data
     1>c:\users\konrad\desktop\code\gameengine\gameengine\sources\level.cpp(267): warning C4244: 'argument' : conversion from 'double' to 'int', possible loss of data
     1>c:\users\konrad\desktop\code\gameengine\gameengine\sources\level.cpp(267): warning C4244: 'argument' : conversion from 'double' to 'int', possible loss of data
     1>c:\users\konrad\desktop\code\gameengine\gameengine\sources\level.cpp(267): warning C4800: 'double' : forcing value to bool 'true' or 'false' (performance warning)
     1>c:\users\konrad\desktop\code\gameengine\gameengine\sources\level.cpp(277): warning C4244: 'argument' : conversion from 'double' to 'int', possible loss of data
     1>c:\users\konrad\desktop\code\gameengine\gameengine\sources\level.cpp(277): warning C4244: 'argument' : conversion from 'double' to 'int', possible loss of data
     1>c:\users\konrad\desktop\code\gameengine\gameengine\sources\level.cpp(277): warning C4244: 'argument' : conversion from 'double' to 'int', possible loss of data
     1>c:\users\konrad\desktop\code\gameengine\gameengine\sources\level.cpp(277): warning C4244: 'argument' : conversion from 'double' to 'int', possible loss of data
     1>c:\users\konrad\desktop\code\gameengine\gameengine\sources\level.cpp(277): warning C4244: 'argument' : conversion from 'double' to 'int', possible loss of data
     1>c:\users\konrad\desktop\code\gameengine\gameengine\sources\level.cpp(277): warning C4800: 'double' : forcing value to bool 'true' or 'false' (performance warning)
     1>c:\users\konrad\desktop\code\gameengine\gameengine\sources\level.cpp(277): warning C4800: 'double' : forcing value to bool 'true' or 'false' (performance warning)
     1>c:\users\konrad\desktop\code\gameengine\gameengine\sources\level.cpp(285): warning C4244: 'initializing' : conversion from 'double' to 'int', possible loss of data
     1>c:\users\konrad\desktop\code\gameengine\gameengine\sources\level.cpp(293): warning C4018: '<' : signed/unsigned mismatch
     1>c:\users\konrad\desktop\code\gameengine\gameengine\sources\level.cpp(298): warning C4244: 'argument' : conversion from 'double' to 'float', possible loss of data
     1>c:\users\konrad\desktop\code\gameengine\gameengine\sources\level.cpp(298): warning C4244: 'argument' : conversion from 'double' to 'float', possible loss of data
     1>c:\users\konrad\desktop\code\gameengine\gameengine\sources\level.cpp(298): warning C4244: 'argument' : conversion from 'double' to 'float', possible loss of data
     1>c:\users\konrad\desktop\code\gameengine\gameengine\sources\level.cpp(299): warning C4244: 'argument' : conversion from 'double' to 'float', possible loss of data
     1>c:\users\konrad\desktop\code\gameengine\gameengine\sources\level.cpp(299): warning C4244: 'argument' : conversion from 'double' to 'float', possible loss of data
     1>c:\users\konrad\desktop\code\gameengine\gameengine\sources\level.cpp(299): warning C4244: 'argument' : conversion from 'double' to 'float', possible loss of data
     1>c:\users\konrad\desktop\code\gameengine\gameengine\sources\level.cpp(301): warning C4244: 'argument' : conversion from 'double' to 'float', possible loss of data
     1>c:\users\konrad\desktop\code\gameengine\gameengine\sources\level.cpp(301): warning C4244: 'argument' : conversion from 'double' to 'float', possible loss of data
     1>c:\users\konrad\desktop\code\gameengine\gameengine\sources\level.cpp(301): warning C4244: 'argument' : conversion from 'double' to 'float', possible loss of data
     1>c:\users\konrad\desktop\code\gameengine\gameengine\sources\level.cpp(301): warning C4244: 'argument' : conversion from 'double' to 'int', possible loss of data
     1>c:\users\konrad\desktop\code\gameengine\gameengine\sources\level.cpp(306): warning C4996: 'sprintf': This function or variable may be unsafe. Consider using sprintf_s instead. To disable deprecation, use _CRT_SECURE_NO_WARNINGS. See online help for details.
                 c:\program files (x86)\microsoft visual studio 10.0\vc\include\stdio.h(371) : see declaration of 'sprintf'
     1>c:\users\konrad\desktop\code\gameengine\gameengine\sources\level.cpp(313): warning C4305: 'argument' : truncation from 'double' to 'irr::f32'
     1>c:\users\konrad\desktop\code\gameengine\gameengine\sources\level.cpp(314): warning C4305: 'argument' : truncation from 'double' to 'irr::f32'
     1>c:\users\konrad\desktop\code\gameengine\gameengine\sources\level.cpp(315): warning C4305: 'argument' : truncation from 'double' to 'irr::f32'
     1>c:\users\konrad\desktop\code\gameengine\gameengine\sources\level.cpp(315): warning C4305: 'argument' : truncation from 'double' to 'irr::f32'
     1>c:\users\konrad\desktop\code\gameengine\gameengine\sources\level.cpp(670): warning C4018: '<' : signed/unsigned mismatch
       Link:
         C:\Program Files (x86)\Microsoft Visual Studio 10.0\VC\bin\link.exe /ERRORREPORT:PROMPT /OUT:"C:\Users\Konrad\Desktop\Code\GameEngine\Debug\GameEngine.exe" /NOLOGO kernel32.lib user32.lib gdi32.lib winspool.lib comdlg32.lib advapi32.lib shell32.lib ole32.lib oleaut32.lib uuid.lib odbc32.lib odbccp32.lib /MANIFEST /ManifestFile:"Debug\GameEngine.exe.intermediate.manifest" /MANIFESTUAC:"level='asInvoker' uiAccess='false'" /DEBUG /PDB:"C:\Users\Konrad\Desktop\Code\GameEngine\Debug\GameEngine.pdb" /TLBID:1 /DYNAMICBASE /NXCOMPAT /IMPLIB:"C:\Users\Konrad\Desktop\Code\GameEngine\Debug\GameEngine.lib" /MACHINE:X86 Debug\main.obj
         Debug\AnimationTable.obj
         Debug\Animator.obj
         Debug\Background.obj
         Debug\Behaviour.obj
         Debug\Border.obj
         Debug\BgMovableObject.obj
         Debug\ComplexEvent.obj
         Debug\Condition.obj
         Debug\Control.obj
         Debug\Control_Set.obj
         Debug\DestroyEvent.obj
         Debug\Entity.obj
         Debug\Event.obj
         Debug\ExternalEvent.obj
         Debug\Field.obj
         Debug\Item.obj
         Debug\Level.obj
         Debug\Monster.obj
         Debug\MoveEvent.obj
         Debug\NewFieldEvent.obj
         Debug\ParameterChangeEvent.obj
         Debug\Player.obj
         Debug\Point.obj
         LINK : C:\Users\Konrad\Desktop\Code\GameEngine\Debug\GameEngine.exe not found or not built by the last incremental link; performing full link
         GameEngine.vcxproj -> C:\Users\Konrad\Desktop\Code\GameEngine\Debug\GameEngine.exe
       Manifest:
         C:\Program Files (x86)\Microsoft SDKs\Windows\v7.0A\bin\mt.exe /nologo /verbose /outputresource:"C:\Users\Konrad\Desktop\Code\GameEngine\Debug\GameEngine.exe;#1" /manifest Debug\GameEngine.exe.intermediate.manifest
       FinalizeBuildStatus:
         Deleting file "Debug\GameEngine.unsuccessfulbuild".
         Touching "Debug\GameEngine.lastbuildstate".
     1>Done Building Project "C:\Users\Konrad\Desktop\Code\GameEngine\GameEngine\GameEngine.vcxproj" (build target(s)).

Build succeeded.

Time Elapsed 00:00:05.52
